0 info it worked if it ends with ok
1 verbose cli [ 'C:\\Program Files\\nodejs\\node.exe',
1 verbose cli   'C:\\Program Files\\nodejs\\node_modules\\npm\\bin\\npm-cli.js',
1 verbose cli   'run',
1 verbose cli   'prod' ]
2 info using npm@3.10.10
3 info using node@v6.10.0
4 verbose run-script [ 'preprod', 'prod', 'postprod' ]
5 info lifecycle eqdps@1.0.0~preprod: eqdps@1.0.0
6 silly lifecycle eqdps@1.0.0~preprod: no script for preprod, continuing
7 info lifecycle eqdps@1.0.0~prod: eqdps@1.0.0
8 verbose lifecycle eqdps@1.0.0~prod: unsafe-perm in lifecycle true
9 verbose lifecycle eqdps@1.0.0~prod: PATH: C:\Program Files\nodejs\node_modules\npm\bin\node-gyp-bin;C:\Users\john\code\github\eqdps\node_modules\.bin;C:\ProgramData\Oracle\Java\javapath;C:\WINDOWS\system32;C:\WINDOWS;C:\WINDOWS\System32\Wbem;C:\WINDOWS\System32\WindowsPowerShell\v1.0\;C:\Program Files (x86)\NVIDIA Corporation\PhysX\Common;C:\WINDOWS\system32;C:\WINDOWS;C:\WINDOWS\System32\Wbem;C:\WINDOWS\System32\WindowsPowerShell\v1.0\;C:\Program Files\nodejs\;C:\Program Files\Git\cmd;C:\Users\john\AppData\Local\Microsoft\WindowsApps;C:\Users\john\AppData\Roaming\npm;
10 verbose lifecycle eqdps@1.0.0~prod: CWD: C:\Users\john\code\github\eqdps
11 silly lifecycle eqdps@1.0.0~prod: Args: [ '/d /s /c', 'rimraf dist && webpack -p --env production' ]
12 silly lifecycle eqdps@1.0.0~prod: Returned: code: 2  signal: null
13 info lifecycle eqdps@1.0.0~prod: Failed to exec prod script
14 verbose stack Error: eqdps@1.0.0 prod: `rimraf dist && webpack -p --env production`
14 verbose stack Exit status 2
14 verbose stack     at EventEmitter.<anonymous> (C:\Program Files\nodejs\node_modules\npm\lib\utils\lifecycle.js:255:16)
14 verbose stack     at emitTwo (events.js:106:13)
14 verbose stack     at EventEmitter.emit (events.js:191:7)
14 verbose stack     at ChildProcess.<anonymous> (C:\Program Files\nodejs\node_modules\npm\lib\utils\spawn.js:40:14)
14 verbose stack     at emitTwo (events.js:106:13)
14 verbose stack     at ChildProcess.emit (events.js:191:7)
14 verbose stack     at maybeClose (internal/child_process.js:877:16)
14 verbose stack     at Process.ChildProcess._handle.onexit (internal/child_process.js:226:5)
15 verbose pkgid eqdps@1.0.0
16 verbose cwd C:\Users\john\code\github\eqdps\src\js
17 error Windows_NT 10.0.15063
18 error argv "C:\\Program Files\\nodejs\\node.exe" "C:\\Program Files\\nodejs\\node_modules\\npm\\bin\\npm-cli.js" "run" "prod"
19 error node v6.10.0
20 error npm  v3.10.10
21 error code ELIFECYCLE
22 error eqdps@1.0.0 prod: `rimraf dist && webpack -p --env production`
22 error Exit status 2
23 error Failed at the eqdps@1.0.0 prod script 'rimraf dist && webpack -p --env production'.
23 error Make sure you have the latest version of node.js and npm installed.
23 error If you do, this is most likely a problem with the eqdps package,
23 error not with npm itself.
23 error Tell the author that this fails on your system:
23 error     rimraf dist && webpack -p --env production
23 error You can get information on how to open an issue for this project with:
23 error     npm bugs eqdps
23 error Or if that isn't available, you can get their info via:
23 error     npm owner ls eqdps
23 error There is likely additional logging output above.
24 verbose exit [ 1, true ]
